<?xml version="1.0" encoding="UTF-8"?>
<coverage generated="1764571580671" clover="3.2.0">
  <project timestamp="1764571580671" name="All files">
    <metrics statements="4" coveredstatements="4" conditionals="0" coveredconditionals="0" methods="3" coveredmethods="3" elements="7" coveredelements="7" complexity="0" loc="4" ncloc="4" packages="1" files="1" classes="1"/>
    <file name="Member.js" path="D:\langs\my_js\JavaScriptHonkakuV3\ikegaya_minamiguchi\chapter11\jest\Member.js">
      <metrics statements="4" coveredstatements="4" conditionals="0" coveredconditionals="0" methods="3" coveredmethods="3"/>
      <line num="3" count="2" type="stmt"/>
      <line num="4" count="2" type="stmt"/>
      <line num="7" count="1" type="stmt"/>
      <line num="10" count="1" type="stmt"/>
    </file>
  </project>
</coverage>
